{"/Users/claudiahauff/webWorkspace/MyLeaderboard/geoAccuracy_child.js":{"path":"/Users/claudiahauff/webWorkspace/MyLeaderboard/geoAccuracy_child.js","s":{"1":1,"2":1,"3":1,"4":1,"5":0,"6":0,"7":0,"8":0,"9":0,"10":0,"11":0,"12":0,"13":0,"14":0,"15":0,"16":0,"17":0,"18":0,"19":0,"20":0,"21":0,"22":0,"23":0,"24":0,"25":0,"26":0,"27":0,"28":0,"29":0,"30":0,"31":0,"32":0,"33":0,"34":0,"35":0,"36":0,"37":0,"38":0,"39":0,"40":0,"41":0,"42":0,"43":0,"44":0,"45":1,"46":0,"47":0,"48":0,"49":0,"50":0,"51":0,"52":1,"53":2,"54":1},"b":{"1":[0,0],"2":[0,0],"3":[0,0],"4":[0,0,0,0],"5":[0,0],"6":[0,0],"7":[0,0],"8":[0,0]},"f":{"1":0,"2":0,"3":0,"4":0,"5":0,"6":2},"fnMap":{"1":{"name":"(anonymous_1)","line":6,"loc":{"start":{"line":6,"column":22},"end":{"line":6,"column":41}}},"2":{"name":"(anonymous_2)","line":17,"loc":{"start":{"line":17,"column":27},"end":{"line":17,"column":48}}},"3":{"name":"(anonymous_3)","line":25,"loc":{"start":{"line":25,"column":16},"end":{"line":25,"column":32}}},"4":{"name":"median","line":67,"loc":{"start":{"line":67,"column":0},"end":{"line":67,"column":24}}},"5":{"name":"(anonymous_5)","line":69,"loc":{"start":{"line":69,"column":16},"end":{"line":69,"column":32}}},"6":{"name":"getDistanceInMeters","line":81,"loc":{"start":{"line":81,"column":0},"end":{"line":81,"column":53}}}},"statementMap":{"1":{"start":{"line":2,"column":0},"end":{"line":2,"column":23}},"2":{"start":{"line":3,"column":0},"end":{"line":3,"column":53}},"3":{"start":{"line":4,"column":0},"end":{"line":4,"column":33}},"4":{"start":{"line":6,"column":0},"end":{"line":65,"column":3}},"5":{"start":{"line":7,"column":1},"end":{"line":7,"column":25}},"6":{"start":{"line":8,"column":1},"end":{"line":8,"column":43}},"7":{"start":{"line":10,"column":1},"end":{"line":10,"column":24}},"8":{"start":{"line":11,"column":1},"end":{"line":11,"column":20}},"9":{"start":{"line":12,"column":1},"end":{"line":12,"column":19}},"10":{"start":{"line":13,"column":1},"end":{"line":13,"column":19}},"11":{"start":{"line":15,"column":1},"end":{"line":15,"column":21}},"12":{"start":{"line":17,"column":1},"end":{"line":64,"column":4}},"13":{"start":{"line":18,"column":2},"end":{"line":23,"column":3}},"14":{"start":{"line":19,"column":3},"end":{"line":19,"column":58}},"15":{"start":{"line":20,"column":3},"end":{"line":20,"column":21}},"16":{"start":{"line":21,"column":3},"end":{"line":21,"column":67}},"17":{"start":{"line":22,"column":3},"end":{"line":22,"column":18}},"18":{"start":{"line":24,"column":2},"end":{"line":24,"column":31}},"19":{"start":{"line":25,"column":2},"end":{"line":51,"column":5}},"20":{"start":{"line":26,"column":3},"end":{"line":26,"column":32}},"21":{"start":{"line":28,"column":3},"end":{"line":28,"column":22}},"22":{"start":{"line":29,"column":3},"end":{"line":29,"column":36}},"23":{"start":{"line":30,"column":3},"end":{"line":30,"column":37}},"24":{"start":{"line":33,"column":3},"end":{"line":50,"column":4}},"25":{"start":{"line":34,"column":4},"end":{"line":34,"column":41}},"26":{"start":{"line":35,"column":4},"end":{"line":35,"column":43}},"27":{"start":{"line":37,"column":4},"end":{"line":42,"column":5}},"28":{"start":{"line":38,"column":5},"end":{"line":38,"column":84}},"29":{"start":{"line":39,"column":5},"end":{"line":39,"column":29}},"30":{"start":{"line":40,"column":5},"end":{"line":40,"column":30}},"31":{"start":{"line":41,"column":5},"end":{"line":41,"column":18}},"32":{"start":{"line":43,"column":4},"end":{"line":45,"column":5}},"33":{"start":{"line":44,"column":5},"end":{"line":44,"column":17}},"34":{"start":{"line":47,"column":4},"end":{"line":49,"column":5}},"35":{"start":{"line":48,"column":5},"end":{"line":48,"column":17}},"36":{"start":{"line":53,"column":2},"end":{"line":58,"column":3}},"37":{"start":{"line":54,"column":3},"end":{"line":54,"column":70}},"38":{"start":{"line":55,"column":3},"end":{"line":55,"column":20}},"39":{"start":{"line":56,"column":3},"end":{"line":56,"column":67}},"40":{"start":{"line":57,"column":3},"end":{"line":57,"column":18}},"41":{"start":{"line":60,"column":2},"end":{"line":60,"column":49}},"42":{"start":{"line":61,"column":2},"end":{"line":61,"column":39}},"43":{"start":{"line":62,"column":2},"end":{"line":62,"column":65}},"44":{"start":{"line":63,"column":2},"end":{"line":63,"column":17}},"45":{"start":{"line":67,"column":0},"end":{"line":79,"column":1}},"46":{"start":{"line":69,"column":4},"end":{"line":69,"column":51}},"47":{"start":{"line":69,"column":34},"end":{"line":69,"column":47}},"48":{"start":{"line":71,"column":4},"end":{"line":71,"column":45}},"49":{"start":{"line":73,"column":4},"end":{"line":78,"column":2}},"50":{"start":{"line":74,"column":8},"end":{"line":74,"column":28}},"51":{"start":{"line":77,"column":8},"end":{"line":77,"column":55}},"52":{"start":{"line":81,"column":0},"end":{"line":83,"column":1}},"53":{"start":{"line":82,"column":1},"end":{"line":82,"column":51}},"54":{"start":{"line":85,"column":0},"end":{"line":85,"column":50}}},"branchMap":{"1":{"line":18,"type":"if","locations":[{"start":{"line":18,"column":2},"end":{"line":18,"column":2}},{"start":{"line":18,"column":2},"end":{"line":18,"column":2}}]},"2":{"line":33,"type":"if","locations":[{"start":{"line":33,"column":3},"end":{"line":33,"column":3}},{"start":{"line":33,"column":3},"end":{"line":33,"column":3}}]},"3":{"line":37,"type":"if","locations":[{"start":{"line":37,"column":4},"end":{"line":37,"column":4}},{"start":{"line":37,"column":4},"end":{"line":37,"column":4}}]},"4":{"line":37,"type":"binary-expr","locations":[{"start":{"line":37,"column":8},"end":{"line":37,"column":23}},{"start":{"line":37,"column":27},"end":{"line":37,"column":44}},{"start":{"line":37,"column":48},"end":{"line":37,"column":72}},{"start":{"line":37,"column":76},"end":{"line":37,"column":102}}]},"5":{"line":43,"type":"if","locations":[{"start":{"line":43,"column":4},"end":{"line":43,"column":4}},{"start":{"line":43,"column":4},"end":{"line":43,"column":4}}]},"6":{"line":47,"type":"if","locations":[{"start":{"line":47,"column":4},"end":{"line":47,"column":4}},{"start":{"line":47,"column":4},"end":{"line":47,"column":4}}]},"7":{"line":53,"type":"if","locations":[{"start":{"line":53,"column":2},"end":{"line":53,"column":2}},{"start":{"line":53,"column":2},"end":{"line":53,"column":2}}]},"8":{"line":73,"type":"if","locations":[{"start":{"line":73,"column":4},"end":{"line":73,"column":4}},{"start":{"line":73,"column":4},"end":{"line":73,"column":4}}]}}},"/Users/claudiahauff/webWorkspace/MyLeaderboard/logger.js":{"path":"/Users/claudiahauff/webWorkspace/MyLeaderboard/logger.js","s":{"1":1,"2":1,"3":1,"4":1,"5":1,"6":1},"b":{},"f":{},"fnMap":{},"statementMap":{"1":{"start":{"line":1,"column":0},"end":{"line":1,"column":32}},"2":{"start":{"line":3,"column":0},"end":{"line":7,"column":3}},"3":{"start":{"line":8,"column":0},"end":{"line":12,"column":3}},"4":{"start":{"line":14,"column":0},"end":{"line":14,"column":41}},"5":{"start":{"line":15,"column":0},"end":{"line":15,"column":73}},"6":{"start":{"line":17,"column":0},"end":{"line":17,"column":24}}},"branchMap":{}},"/Users/claudiahauff/webWorkspace/MyLeaderboard/ranking.js":{"path":"/Users/claudiahauff/webWorkspace/MyLeaderboard/ranking.js","s":{"1":1,"2":1,"3":1,"4":17,"5":17,"6":0,"7":0,"8":0,"9":0,"10":4,"11":4,"12":0,"13":4,"14":13,"15":13,"16":0,"17":13,"18":24,"19":9,"20":4,"21":5,"22":5,"23":4,"24":1,"25":0,"26":3,"27":2,"28":0,"29":0,"30":0,"31":0,"32":0,"33":0,"34":0,"35":0,"36":0,"37":0,"38":0,"39":0,"40":0,"41":0,"42":4,"43":4,"44":3,"45":1,"46":3,"47":0,"48":3,"49":3,"50":3,"51":3,"52":4,"53":4,"54":0,"55":4,"56":4,"57":4,"58":4,"59":0,"60":0,"61":4,"62":4,"63":4,"64":7,"65":7,"66":7,"67":14,"68":14,"69":14,"70":34,"71":14,"72":0,"73":0,"74":0,"75":0,"76":0,"77":0,"78":0,"79":0,"80":0,"81":0,"82":0,"83":0,"84":0,"85":0,"86":0,"87":0,"88":0,"89":1,"90":6,"91":6,"92":6,"93":6,"94":6,"95":6,"96":6,"97":6,"98":6,"99":6,"100":1},"b":{"1":[17,0],"2":[0,0],"3":[0,4],"4":[0,13],"5":[9,15],"6":[4,1],"7":[0,0],"8":[0,0],"9":[0,0],"10":[0,0],"11":[3,1],"12":[0,3],"13":[0,4],"14":[0,4],"15":[4,4],"16":[0,0],"17":[0,0],"18":[0,0],"19":[0,0]},"f":{"1":17,"2":4,"3":13,"4":5,"5":0,"6":3,"7":2,"8":0,"9":0,"10":4,"11":3,"12":4,"13":7,"14":14,"15":14,"16":0,"17":0,"18":0,"19":0,"20":0,"21":6},"fnMap":{"1":{"name":"(anonymous_1)","line":15,"loc":{"start":{"line":15,"column":12},"end":{"line":15,"column":32}}},"2":{"name":"(anonymous_2)","line":29,"loc":{"start":{"line":29,"column":14},"end":{"line":29,"column":34}}},"3":{"name":"(anonymous_3)","line":39,"loc":{"start":{"line":39,"column":10},"end":{"line":39,"column":37}}},"4":{"name":"(anonymous_4)","line":53,"loc":{"start":{"line":53,"column":19},"end":{"line":53,"column":56}}},"5":{"name":"(anonymous_5)","line":61,"loc":{"start":{"line":61,"column":24},"end":{"line":61,"column":51}}},"6":{"name":"(anonymous_6)","line":66,"loc":{"start":{"line":66,"column":17},"end":{"line":66,"column":44}}},"7":{"name":"(anonymous_7)","line":71,"loc":{"start":{"line":71,"column":16},"end":{"line":71,"column":43}}},"8":{"name":"(anonymous_8)","line":75,"loc":{"start":{"line":75,"column":17},"end":{"line":75,"column":43}}},"9":{"name":"(anonymous_9)","line":89,"loc":{"start":{"line":89,"column":14},"end":{"line":89,"column":41}}},"10":{"name":"(anonymous_10)","line":105,"loc":{"start":{"line":105,"column":14},"end":{"line":105,"column":31}}},"11":{"name":"(anonymous_11)","line":115,"loc":{"start":{"line":115,"column":10},"end":{"line":115,"column":40}}},"12":{"name":"(anonymous_12)","line":128,"loc":{"start":{"line":128,"column":13},"end":{"line":128,"column":69}}},"13":{"name":"(anonymous_13)","line":147,"loc":{"start":{"line":147,"column":9},"end":{"line":147,"column":21}}},"14":{"name":"(anonymous_14)","line":154,"loc":{"start":{"line":154,"column":10},"end":{"line":154,"column":33}}},"15":{"name":"(anonymous_15)","line":156,"loc":{"start":{"line":156,"column":22},"end":{"line":156,"column":36}}},"16":{"name":"(anonymous_16)","line":164,"loc":{"start":{"line":164,"column":17},"end":{"line":164,"column":29}}},"17":{"name":"(anonymous_17)","line":170,"loc":{"start":{"line":170,"column":18},"end":{"line":170,"column":41}}},"18":{"name":"(anonymous_18)","line":171,"loc":{"start":{"line":171,"column":28},"end":{"line":171,"column":49}}},"19":{"name":"(anonymous_19)","line":177,"loc":{"start":{"line":177,"column":17},"end":{"line":177,"column":33}}},"20":{"name":"(anonymous_20)","line":186,"loc":{"start":{"line":186,"column":11},"end":{"line":186,"column":27}}},"21":{"name":"Item","line":197,"loc":{"start":{"line":197,"column":0},"end":{"line":197,"column":34}}}},"statementMap":{"1":{"start":{"line":1,"column":0},"end":{"line":1,"column":23}},"2":{"start":{"line":2,"column":0},"end":{"line":2,"column":33}},"3":{"start":{"line":4,"column":0},"end":{"line":195,"column":2}},"4":{"start":{"line":16,"column":2},"end":{"line":25,"column":3}},"5":{"start":{"line":17,"column":3},"end":{"line":17,"column":30}},"6":{"start":{"line":19,"column":7},"end":{"line":25,"column":3}},"7":{"start":{"line":20,"column":3},"end":{"line":20,"column":32}},"8":{"start":{"line":23,"column":3},"end":{"line":23,"column":51}},"9":{"start":{"line":24,"column":3},"end":{"line":24,"column":15}},"10":{"start":{"line":30,"column":2},"end":{"line":30,"column":42}},"11":{"start":{"line":31,"column":2},"end":{"line":33,"column":3}},"12":{"start":{"line":32,"column":3},"end":{"line":32,"column":16}},"13":{"start":{"line":34,"column":2},"end":{"line":34,"column":22}},"14":{"start":{"line":40,"column":2},"end":{"line":40,"column":42}},"15":{"start":{"line":41,"column":2},"end":{"line":43,"column":3}},"16":{"start":{"line":42,"column":3},"end":{"line":42,"column":16}},"17":{"start":{"line":44,"column":2},"end":{"line":48,"column":3}},"18":{"start":{"line":45,"column":3},"end":{"line":47,"column":4}},"19":{"start":{"line":46,"column":4},"end":{"line":46,"column":20}},"20":{"start":{"line":49,"column":2},"end":{"line":49,"column":14}},"21":{"start":{"line":54,"column":2},"end":{"line":54,"column":43}},"22":{"start":{"line":55,"column":2},"end":{"line":57,"column":3}},"23":{"start":{"line":56,"column":3},"end":{"line":56,"column":25}},"24":{"start":{"line":58,"column":2},"end":{"line":58,"column":14}},"25":{"start":{"line":62,"column":2},"end":{"line":62,"column":69}},"26":{"start":{"line":67,"column":2},"end":{"line":67,"column":66}},"27":{"start":{"line":72,"column":2},"end":{"line":72,"column":62}},"28":{"start":{"line":76,"column":2},"end":{"line":76,"column":42}},"29":{"start":{"line":77,"column":2},"end":{"line":79,"column":3}},"30":{"start":{"line":78,"column":3},"end":{"line":78,"column":16}},"31":{"start":{"line":81,"column":2},"end":{"line":85,"column":3}},"32":{"start":{"line":82,"column":3},"end":{"line":84,"column":4}},"33":{"start":{"line":83,"column":4},"end":{"line":83,"column":16}},"34":{"start":{"line":86,"column":2},"end":{"line":86,"column":15}},"35":{"start":{"line":90,"column":2},"end":{"line":90,"column":42}},"36":{"start":{"line":91,"column":2},"end":{"line":93,"column":3}},"37":{"start":{"line":92,"column":3},"end":{"line":92,"column":16}},"38":{"start":{"line":95,"column":2},"end":{"line":99,"column":3}},"39":{"start":{"line":96,"column":3},"end":{"line":98,"column":4}},"40":{"start":{"line":97,"column":4},"end":{"line":97,"column":16}},"41":{"start":{"line":100,"column":2},"end":{"line":100,"column":15}},"42":{"start":{"line":106,"column":2},"end":{"line":106,"column":43}},"43":{"start":{"line":107,"column":2},"end":{"line":109,"column":3}},"44":{"start":{"line":108,"column":3},"end":{"line":108,"column":16}},"45":{"start":{"line":110,"column":2},"end":{"line":110,"column":14}},"46":{"start":{"line":116,"column":2},"end":{"line":118,"column":3}},"47":{"start":{"line":117,"column":3},"end":{"line":117,"column":16}},"48":{"start":{"line":120,"column":2},"end":{"line":120,"column":56}},"49":{"start":{"line":121,"column":2},"end":{"line":121,"column":54}},"50":{"start":{"line":122,"column":2},"end":{"line":122,"column":16}},"51":{"start":{"line":123,"column":2},"end":{"line":123,"column":14}},"52":{"start":{"line":129,"column":2},"end":{"line":129,"column":43}},"53":{"start":{"line":130,"column":2},"end":{"line":132,"column":3}},"54":{"start":{"line":131,"column":3},"end":{"line":131,"column":16}},"55":{"start":{"line":133,"column":2},"end":{"line":133,"column":33}},"56":{"start":{"line":134,"column":2},"end":{"line":134,"column":29}},"57":{"start":{"line":135,"column":2},"end":{"line":135,"column":17}},"58":{"start":{"line":137,"column":2},"end":{"line":140,"column":3}},"59":{"start":{"line":138,"column":3},"end":{"line":138,"column":36}},"60":{"start":{"line":139,"column":3},"end":{"line":139,"column":33}},"61":{"start":{"line":142,"column":2},"end":{"line":142,"column":31}},"62":{"start":{"line":143,"column":2},"end":{"line":143,"column":16}},"63":{"start":{"line":144,"column":2},"end":{"line":144,"column":14}},"64":{"start":{"line":148,"column":2},"end":{"line":148,"column":44}},"65":{"start":{"line":149,"column":2},"end":{"line":149,"column":62}},"66":{"start":{"line":150,"column":2},"end":{"line":150,"column":60}},"67":{"start":{"line":155,"column":2},"end":{"line":155,"column":42}},"68":{"start":{"line":156,"column":2},"end":{"line":161,"column":5}},"69":{"start":{"line":157,"column":3},"end":{"line":159,"column":4}},"70":{"start":{"line":158,"column":4},"end":{"line":158,"column":50}},"71":{"start":{"line":160,"column":3},"end":{"line":160,"column":16}},"72":{"start":{"line":165,"column":2},"end":{"line":165,"column":50}},"73":{"start":{"line":166,"column":2},"end":{"line":166,"column":70}},"74":{"start":{"line":167,"column":2},"end":{"line":167,"column":68}},"75":{"start":{"line":171,"column":2},"end":{"line":183,"column":5}},"76":{"start":{"line":172,"column":3},"end":{"line":175,"column":4}},"77":{"start":{"line":173,"column":4},"end":{"line":173,"column":73}},"78":{"start":{"line":174,"column":4},"end":{"line":174,"column":11}},"79":{"start":{"line":176,"column":3},"end":{"line":176,"column":32}},"80":{"start":{"line":177,"column":3},"end":{"line":182,"column":6}},"81":{"start":{"line":178,"column":4},"end":{"line":181,"column":5}},"82":{"start":{"line":179,"column":5},"end":{"line":179,"column":33}},"83":{"start":{"line":180,"column":5},"end":{"line":180,"column":22}},"84":{"start":{"line":187,"column":2},"end":{"line":189,"column":3}},"85":{"start":{"line":188,"column":3},"end":{"line":188,"column":12}},"86":{"start":{"line":190,"column":2},"end":{"line":192,"column":3}},"87":{"start":{"line":191,"column":3},"end":{"line":191,"column":13}},"88":{"start":{"line":193,"column":2},"end":{"line":193,"column":57}},"89":{"start":{"line":197,"column":0},"end":{"line":212,"column":1}},"90":{"start":{"line":199,"column":1},"end":{"line":199,"column":16}},"91":{"start":{"line":200,"column":1},"end":{"line":200,"column":20}},"92":{"start":{"line":201,"column":1},"end":{"line":201,"column":20}},"93":{"start":{"line":202,"column":1},"end":{"line":202,"column":18}},"94":{"start":{"line":203,"column":1},"end":{"line":203,"column":26}},"95":{"start":{"line":205,"column":1},"end":{"line":205,"column":16}},"96":{"start":{"line":206,"column":1},"end":{"line":206,"column":18}},"97":{"start":{"line":207,"column":1},"end":{"line":207,"column":26}},"98":{"start":{"line":210,"column":1},"end":{"line":210,"column":23}},"99":{"start":{"line":211,"column":1},"end":{"line":211,"column":24}},"100":{"start":{"line":214,"column":0},"end":{"line":214,"column":26}}},"branchMap":{"1":{"line":16,"type":"if","locations":[{"start":{"line":16,"column":2},"end":{"line":16,"column":2}},{"start":{"line":16,"column":2},"end":{"line":16,"column":2}}]},"2":{"line":19,"type":"if","locations":[{"start":{"line":19,"column":7},"end":{"line":19,"column":7}},{"start":{"line":19,"column":7},"end":{"line":19,"column":7}}]},"3":{"line":31,"type":"if","locations":[{"start":{"line":31,"column":2},"end":{"line":31,"column":2}},{"start":{"line":31,"column":2},"end":{"line":31,"column":2}}]},"4":{"line":41,"type":"if","locations":[{"start":{"line":41,"column":2},"end":{"line":41,"column":2}},{"start":{"line":41,"column":2},"end":{"line":41,"column":2}}]},"5":{"line":45,"type":"if","locations":[{"start":{"line":45,"column":3},"end":{"line":45,"column":3}},{"start":{"line":45,"column":3},"end":{"line":45,"column":3}}]},"6":{"line":55,"type":"if","locations":[{"start":{"line":55,"column":2},"end":{"line":55,"column":2}},{"start":{"line":55,"column":2},"end":{"line":55,"column":2}}]},"7":{"line":77,"type":"if","locations":[{"start":{"line":77,"column":2},"end":{"line":77,"column":2}},{"start":{"line":77,"column":2},"end":{"line":77,"column":2}}]},"8":{"line":82,"type":"if","locations":[{"start":{"line":82,"column":3},"end":{"line":82,"column":3}},{"start":{"line":82,"column":3},"end":{"line":82,"column":3}}]},"9":{"line":91,"type":"if","locations":[{"start":{"line":91,"column":2},"end":{"line":91,"column":2}},{"start":{"line":91,"column":2},"end":{"line":91,"column":2}}]},"10":{"line":96,"type":"if","locations":[{"start":{"line":96,"column":3},"end":{"line":96,"column":3}},{"start":{"line":96,"column":3},"end":{"line":96,"column":3}}]},"11":{"line":107,"type":"if","locations":[{"start":{"line":107,"column":2},"end":{"line":107,"column":2}},{"start":{"line":107,"column":2},"end":{"line":107,"column":2}}]},"12":{"line":116,"type":"if","locations":[{"start":{"line":116,"column":2},"end":{"line":116,"column":2}},{"start":{"line":116,"column":2},"end":{"line":116,"column":2}}]},"13":{"line":130,"type":"if","locations":[{"start":{"line":130,"column":2},"end":{"line":130,"column":2}},{"start":{"line":130,"column":2},"end":{"line":130,"column":2}}]},"14":{"line":137,"type":"if","locations":[{"start":{"line":137,"column":2},"end":{"line":137,"column":2}},{"start":{"line":137,"column":2},"end":{"line":137,"column":2}}]},"15":{"line":137,"type":"binary-expr","locations":[{"start":{"line":137,"column":6},"end":{"line":137,"column":26}},{"start":{"line":137,"column":30},"end":{"line":137,"column":62}}]},"16":{"line":172,"type":"if","locations":[{"start":{"line":172,"column":3},"end":{"line":172,"column":3}},{"start":{"line":172,"column":3},"end":{"line":172,"column":3}}]},"17":{"line":178,"type":"if","locations":[{"start":{"line":178,"column":4},"end":{"line":178,"column":4}},{"start":{"line":178,"column":4},"end":{"line":178,"column":4}}]},"18":{"line":187,"type":"if","locations":[{"start":{"line":187,"column":2},"end":{"line":187,"column":2}},{"start":{"line":187,"column":2},"end":{"line":187,"column":2}}]},"19":{"line":190,"type":"if","locations":[{"start":{"line":190,"column":2},"end":{"line":190,"column":2}},{"start":{"line":190,"column":2},"end":{"line":190,"column":2}}]}}}}