TN:
SF:/Users/claudiahauff/webWorkspace/MyLeaderboard/geoAccuracy_child.js
FN:6,(anonymous_1)
FN:17,(anonymous_2)
FN:25,(anonymous_3)
FN:67,median
FN:69,(anonymous_5)
FN:81,getDistanceInMeters
FNF:6
FNH:1
FNDA:0,(anonymous_1)
FNDA:0,(anonymous_2)
FNDA:0,(anonymous_3)
FNDA:0,median
FNDA:0,(anonymous_5)
FNDA:2,getDistanceInMeters
DA:2,1
DA:3,1
DA:4,1
DA:6,1
DA:7,0
DA:8,0
DA:10,0
DA:11,0
DA:12,0
DA:13,0
DA:15,0
DA:17,0
DA:18,0
DA:19,0
DA:20,0
DA:21,0
DA:22,0
DA:24,0
DA:25,0
DA:26,0
DA:28,0
DA:29,0
DA:30,0
DA:33,0
DA:34,0
DA:35,0
DA:37,0
DA:38,0
DA:39,0
DA:40,0
DA:41,0
DA:43,0
DA:44,0
DA:47,0
DA:48,0
DA:53,0
DA:54,0
DA:55,0
DA:56,0
DA:57,0
DA:60,0
DA:61,0
DA:62,0
DA:63,0
DA:67,1
DA:69,0
DA:71,0
DA:73,0
DA:74,0
DA:77,0
DA:81,1
DA:82,2
DA:85,1
LF:53
LH:8
BRDA:18,1,0,0
BRDA:18,1,1,0
BRDA:33,2,0,0
BRDA:33,2,1,0
BRDA:37,3,0,0
BRDA:37,3,1,0
BRDA:37,4,0,0
BRDA:37,4,1,0
BRDA:37,4,2,0
BRDA:37,4,3,0
BRDA:43,5,0,0
BRDA:43,5,1,0
BRDA:47,6,0,0
BRDA:47,6,1,0
BRDA:53,7,0,0
BRDA:53,7,1,0
BRDA:73,8,0,0
BRDA:73,8,1,0
BRF:18
BRH:0
end_of_record
TN:
SF:/Users/claudiahauff/webWorkspace/MyLeaderboard/logger.js
FNF:0
FNH:0
DA:1,1
DA:3,1
DA:8,1
DA:14,1
DA:15,1
DA:17,1
LF:6
LH:6
BRF:0
BRH:0
end_of_record
TN:
SF:/Users/claudiahauff/webWorkspace/MyLeaderboard/ranking.js
FN:15,(anonymous_1)
FN:29,(anonymous_2)
FN:39,(anonymous_3)
FN:53,(anonymous_4)
FN:61,(anonymous_5)
FN:66,(anonymous_6)
FN:71,(anonymous_7)
FN:75,(anonymous_8)
FN:89,(anonymous_9)
FN:105,(anonymous_10)
FN:115,(anonymous_11)
FN:128,(anonymous_12)
FN:147,(anonymous_13)
FN:154,(anonymous_14)
FN:156,(anonymous_15)
FN:164,(anonymous_16)
FN:170,(anonymous_17)
FN:171,(anonymous_18)
FN:177,(anonymous_19)
FN:186,(anonymous_20)
FN:197,Item
FNF:21
FNH:13
FNDA:17,(anonymous_1)
FNDA:4,(anonymous_2)
FNDA:13,(anonymous_3)
FNDA:5,(anonymous_4)
FNDA:0,(anonymous_5)
FNDA:3,(anonymous_6)
FNDA:2,(anonymous_7)
FNDA:0,(anonymous_8)
FNDA:0,(anonymous_9)
FNDA:4,(anonymous_10)
FNDA:3,(anonymous_11)
FNDA:4,(anonymous_12)
FNDA:7,(anonymous_13)
FNDA:14,(anonymous_14)
FNDA:14,(anonymous_15)
FNDA:0,(anonymous_16)
FNDA:0,(anonymous_17)
FNDA:0,(anonymous_18)
FNDA:0,(anonymous_19)
FNDA:0,(anonymous_20)
FNDA:6,Item
DA:1,1
DA:2,1
DA:4,1
DA:16,17
DA:17,17
DA:19,0
DA:20,0
DA:23,0
DA:24,0
DA:30,4
DA:31,4
DA:32,0
DA:34,4
DA:40,13
DA:41,13
DA:42,0
DA:44,13
DA:45,24
DA:46,9
DA:49,4
DA:54,5
DA:55,5
DA:56,4
DA:58,1
DA:62,0
DA:67,3
DA:72,2
DA:76,0
DA:77,0
DA:78,0
DA:81,0
DA:82,0
DA:83,0
DA:86,0
DA:90,0
DA:91,0
DA:92,0
DA:95,0
DA:96,0
DA:97,0
DA:100,0
DA:106,4
DA:107,4
DA:108,3
DA:110,1
DA:116,3
DA:117,0
DA:120,3
DA:121,3
DA:122,3
DA:123,3
DA:129,4
DA:130,4
DA:131,0
DA:133,4
DA:134,4
DA:135,4
DA:137,4
DA:138,0
DA:139,0
DA:142,4
DA:143,4
DA:144,4
DA:148,7
DA:149,7
DA:150,7
DA:155,14
DA:156,14
DA:157,14
DA:158,34
DA:160,14
DA:165,0
DA:166,0
DA:167,0
DA:171,0
DA:172,0
DA:173,0
DA:174,0
DA:176,0
DA:177,0
DA:178,0
DA:179,0
DA:180,0
DA:187,0
DA:188,0
DA:190,0
DA:191,0
DA:193,0
DA:197,1
DA:199,6
DA:200,6
DA:201,6
DA:202,6
DA:203,6
DA:205,6
DA:206,6
DA:207,6
DA:210,6
DA:211,6
DA:214,1
LF:100
LH:58
BRDA:16,1,0,17
BRDA:16,1,1,0
BRDA:19,2,0,0
BRDA:19,2,1,0
BRDA:31,3,0,0
BRDA:31,3,1,4
BRDA:41,4,0,0
BRDA:41,4,1,13
BRDA:45,5,0,9
BRDA:45,5,1,15
BRDA:55,6,0,4
BRDA:55,6,1,1
BRDA:77,7,0,0
BRDA:77,7,1,0
BRDA:82,8,0,0
BRDA:82,8,1,0
BRDA:91,9,0,0
BRDA:91,9,1,0
BRDA:96,10,0,0
BRDA:96,10,1,0
BRDA:107,11,0,3
BRDA:107,11,1,1
BRDA:116,12,0,0
BRDA:116,12,1,3
BRDA:130,13,0,0
BRDA:130,13,1,4
BRDA:137,14,0,0
BRDA:137,14,1,4
BRDA:137,15,0,4
BRDA:137,15,1,4
BRDA:172,16,0,0
BRDA:172,16,1,0
BRDA:178,17,0,0
BRDA:178,17,1,0
BRDA:187,18,0,0
BRDA:187,18,1,0
BRDA:190,19,0,0
BRDA:190,19,1,0
BRF:38
BRH:14
end_of_record
